<?xml version="1.0" encoding="UTF-8"?>
<!-- Generated by org.testng.reporters.JUnitXMLReporter -->
<testsuite ignored="0" hostname="TYNP-54" failures="1" tests="2" name="Test" time="44.65" errors="0" timestamp="2021-11-18T17:11:28 IST">
  <testcase classname="Day_007_TestNG_DataProvider_Lab3.TC02_Login_Static_Paarameters" name="Login_Test" time="1.705">
    <failure type="org.openqa.selenium.SessionNotCreatedException" message="session not created: This version of ChromeDriver only supports Chrome version 93
Current browser version is 96.0.4664.45 with binary path C:\Program Files\Google\Chrome\Application\chrome.exe
Build info: version: &amp;apos;3.141.59&amp;apos;, revision: &amp;apos;e82be7d358&amp;apos;, time: &amp;apos;2018-11-14T08:17:03&amp;apos;
System info: host: &amp;apos;TYNP-54&amp;apos;, ip: &amp;apos;192.168.29.188&amp;apos;, os.name: &amp;apos;Windows 10&amp;apos;, os.arch: &amp;apos;amd64&amp;apos;, os.version: &amp;apos;10.0&amp;apos;, java.version: &amp;apos;12.0.1&amp;apos;
Driver info: driver.version: ChromeDriver
remote stacktrace: Backtrace:
	Ordinal0 [0x00C6D403+2479107]
	Ordinal0 [0x00C07D51+2063697]
	Ordinal0 [0x00B120C8+1056968]
	Ordinal0 [0x00B3043A+1180730]
	Ordinal0 [0x00B2C355+1164117]
	Ordinal0 [0x00B29B7F+1153919]
	Ordinal0 [0x00B59CBF+1350847]
	Ordinal0 [0x00B5992A+1349930]
	Ordinal0 [0x00B5583B+1333307]
	Ordinal0 [0x00B31F94+1187732]
	Ordinal0 [0x00B32DE9+1191401]
	GetHandleVerifier [0x00DEF3F6+1531734]
	GetHandleVerifier [0x00E9E9AE+2249998]
	GetHandleVerifier [0x00CF39AB+501003]
	GetHandleVerifier [0x00CF2A29+497033]
	Ordinal0 [0x00C0D11D+2085149]
	Ordinal0 [0x00C111C8+2101704]
	Ordinal0 [0x00C11302+2102018]
	Ordinal0 [0x00C1AA71+2140785]
	BaseThreadInitThunk [0x75D6FA29+25]
	RtlGetAppContainerNamedObjectPath [0x77E77A9E+286]
	RtlGetAppContainerNamedObjectPath [0x77E77A6E+238]
">
      <![CDATA[org.openqa.selenium.SessionNotCreatedException: session not created: This version of ChromeDriver only supports Chrome version 93
Current browser version is 96.0.4664.45 with binary path C:\Program Files\Google\Chrome\Application\chrome.exe
Build info: version: '3.141.59', revision: 'e82be7d358', time: '2018-11-14T08:17:03'
System info: host: 'TYNP-54', ip: '192.168.29.188', os.name: 'Windows 10', os.arch: 'amd64', os.version: '10.0', java.version: '12.0.1'
Driver info: driver.version: ChromeDriver
remote stacktrace: Backtrace:
Ordinal0 [0x00C6D403+2479107]
Ordinal0 [0x00C07D51+2063697]
Ordinal0 [0x00B120C8+1056968]
Ordinal0 [0x00B3043A+1180730]
Ordinal0 [0x00B2C355+1164117]
Ordinal0 [0x00B29B7F+1153919]
Ordinal0 [0x00B59CBF+1350847]
Ordinal0 [0x00B5992A+1349930]
Ordinal0 [0x00B5583B+1333307]
Ordinal0 [0x00B31F94+1187732]
Ordinal0 [0x00B32DE9+1191401]
GetHandleVerifier [0x00DEF3F6+1531734]
GetHandleVerifier [0x00E9E9AE+2249998]
GetHandleVerifier [0x00CF39AB+501003]
GetHandleVerifier [0x00CF2A29+497033]
Ordinal0 [0x00C0D11D+2085149]
Ordinal0 [0x00C111C8+2101704]
Ordinal0 [0x00C11302+2102018]
Ordinal0 [0x00C1AA71+2140785]
BaseThreadInitThunk [0x75D6FA29+25]
RtlGetAppContainerNamedObjectPath [0x77E77A9E+286]
RtlGetAppContainerNamedObjectPath [0x77E77A6E+238]

at org.openqa.selenium.remote.W3CHandshakeResponse.lambda$errorHandler$0(W3CHandshakeResponse.java:62)
at org.openqa.selenium.remote.HandshakeResponse.lambda$getResponseFunction$0(HandshakeResponse.java:30)
at org.openqa.selenium.remote.ProtocolHandshake.lambda$createSession$0(ProtocolHandshake.java:126)
at java.base/java.util.stream.ReferencePipeline$3$1.accept(ReferencePipeline.java:195)
at java.base/java.util.Spliterators$ArraySpliterator.tryAdvance(Spliterators.java:958)
at java.base/java.util.stream.ReferencePipeline.forEachWithCancel(ReferencePipeline.java:127)
at java.base/java.util.stream.AbstractPipeline.copyIntoWithCancel(AbstractPipeline.java:502)
at java.base/java.util.stream.AbstractPipeline.copyInto(AbstractPipeline.java:488)
at java.base/java.util.stream.AbstractPipeline.wrapAndCopyInto(AbstractPipeline.java:474)
at java.base/java.util.stream.FindOps$FindOp.evaluateSequential(FindOps.java:150)
at java.base/java.util.stream.AbstractPipeline.evaluate(AbstractPipeline.java:234)
at java.base/java.util.stream.ReferencePipeline.findFirst(ReferencePipeline.java:543)
at org.openqa.selenium.remote.ProtocolHandshake.createSession(ProtocolHandshake.java:128)
at org.openqa.selenium.remote.ProtocolHandshake.createSession(ProtocolHandshake.java:74)
at org.openqa.selenium.remote.HttpCommandExecutor.execute(HttpCommandExecutor.java:136)
at org.openqa.selenium.remote.service.DriverCommandExecutor.execute(DriverCommandExecutor.java:83)
at org.openqa.selenium.remote.RemoteWebDriver.execute(RemoteWebDriver.java:552)
at org.openqa.selenium.remote.RemoteWebDriver.startSession(RemoteWebDriver.java:213)
at org.openqa.selenium.remote.RemoteWebDriver.<init>(RemoteWebDriver.java:131)
at org.openqa.selenium.chrome.ChromeDriver.<init>(ChromeDriver.java:181)
at org.openqa.selenium.chrome.ChromeDriver.<init>(ChromeDriver.java:168)
at org.openqa.selenium.chrome.ChromeDriver.<init>(ChromeDriver.java:123)
at CommonUtil.TestBrowser.OpenChromeBrowser(TestBrowser.java:65)
at Day_007_TestNG_DataProvider_Lab3.TC02_Login_Static_Paarameters.Login_Test(TC02_Login_Static_Paarameters.java:36)
at java.base/java.util.ArrayList.forEach(ArrayList.java:1540)
... Removed 32 stack frames]]>
    </failure>
  </testcase> <!-- Login_Test -->
  <testcase classname="Day_007_TestNG_DataProvider_Lab3.TC02_Login_Static_Paarameters" name="Login_Test" time="42.354"/>
</testsuite> <!-- Test -->
